<?xml version="1.0" encoding="UTF-8"?>
<coverage generated="1788756811574" clover="3.2.0">
  <project timestamp="1788756811574" name="All files">
    <metrics statements="89" coveredstatements="85" conditionals="43" coveredconditionals="43" methods="14" coveredmethods="13" elements="146" coveredelements="141" complexity="0" loc="89" ncloc="89" packages="3" files="8" classes="8"/>
    <package name="agent">
      <metrics statements="17" coveredstatements="13" conditionals="6" coveredconditionals="6" methods="3" coveredmethods="2"/>
      <file name="agent.client.ts" path="/Users/eagles/data/outskill/capstone/trading-agent/aief5-team2/quantmind-api/bff-nestjs/src/agent/agent.client.ts">
        <metrics statements="17" coveredstatements="13" conditionals="6" coveredconditionals="6" methods="3" coveredmethods="2"/>
        <line num="11" count="3" type="stmt"/>
        <line num="12" count="3" type="stmt"/>
        <line num="13" count="3" type="stmt"/>
        <line num="17" count="3" type="stmt"/>
        <line num="18" count="2" type="stmt"/>
        <line num="24" count="2" type="stmt"/>
        <line num="25" count="2" type="stmt"/>
        <line num="41" count="0" type="stmt"/>
        <line num="42" count="0" type="stmt"/>
        <line num="45" count="0" type="stmt"/>
        <line num="47" count="0" type="stmt"/>
        <line num="58" count="2" type="stmt"/>
        <line num="61" count="2" type="cond" truecount="2" falsecount="0"/>
        <line num="62" count="2" type="cond" truecount="2" falsecount="0"/>
        <line num="63" count="2" type="cond" truecount="2" falsecount="0"/>
        <line num="64" count="2" type="stmt"/>
        <line num="65" count="2" type="stmt"/>
      </file>
    </package>
    <package name="common">
      <metrics statements="36" coveredstatements="36" conditionals="29" coveredconditionals="29" methods="5" coveredmethods="5"/>
      <file name="config.ts" path="/Users/eagles/data/outskill/capstone/trading-agent/aief5-team2/quantmind-api/bff-nestjs/src/common/config.ts">
        <metrics statements="3" coveredstatements="3" conditionals="14" coveredconditionals="14" methods="2" coveredmethods="2"/>
        <line num="33" count="3" type="stmt"/>
        <line num="34" count="2" type="stmt"/>
        <line num="40" count="2" type="stmt"/>
      </file>
      <file name="correlation.middleware.ts" path="/Users/eagles/data/outskill/capstone/trading-agent/aief5-team2/quantmind-api/bff-nestjs/src/common/correlation.middleware.ts">
        <metrics statements="10" coveredstatements="10" conditionals="4" coveredconditionals="4" methods="1" coveredmethods="1"/>
        <line num="10" count="1" type="stmt"/>
        <line num="12" count="1" type="stmt"/>
        <line num="21" count="1" type="stmt"/>
        <line num="22" count="2" type="stmt"/>
        <line num="31" count="2" type="stmt"/>
        <line num="32" count="2" type="cond" truecount="4" falsecount="0"/>
        <line num="33" count="2" type="stmt"/>
        <line num="34" count="2" type="stmt"/>
        <line num="35" count="2" type="stmt"/>
        <line num="36" count="2" type="stmt"/>
      </file>
      <file name="error.filter.ts" path="/Users/eagles/data/outskill/capstone/trading-agent/aief5-team2/quantmind-api/bff-nestjs/src/common/error.filter.ts">
        <metrics statements="23" coveredstatements="23" conditionals="11" coveredconditionals="11" methods="2" coveredmethods="2"/>
        <line num="10" count="1" type="stmt"/>
        <line num="20" count="1" type="stmt"/>
        <line num="33" count="1" type="stmt"/>
        <line num="34" count="7" type="stmt"/>
        <line num="42" count="7" type="stmt"/>
        <line num="43" count="7" type="stmt"/>
        <line num="44" count="7" type="stmt"/>
        <line num="45" count="7" type="cond" truecount="2" falsecount="0"/>
        <line num="47" count="7" type="stmt"/>
        <line num="48" count="7" type="stmt"/>
        <line num="49" count="7" type="stmt"/>
        <line num="51" count="7" type="cond" truecount="1" falsecount="0"/>
        <line num="52" count="6" type="stmt"/>
        <line num="53" count="6" type="stmt"/>
        <line num="54" count="6" type="cond" truecount="2" falsecount="0"/>
        <line num="55" count="6" type="cond" truecount="2" falsecount="0"/>
        <line num="58" count="7" type="stmt"/>
        <line num="59" count="7" type="stmt"/>
        <line num="68" count="5" type="cond" truecount="1" falsecount="0"/>
        <line num="69" count="4" type="cond" truecount="1" falsecount="0"/>
        <line num="70" count="3" type="cond" truecount="1" falsecount="0"/>
        <line num="71" count="2" type="cond" truecount="1" falsecount="0"/>
        <line num="72" count="1" type="stmt"/>
      </file>
    </package>
    <package name="features">
      <metrics statements="36" coveredstatements="36" conditionals="8" coveredconditionals="8" methods="6" coveredmethods="6"/>
      <file name="dtos.ts" path="/Users/eagles/data/outskill/capstone/trading-agent/aief5-team2/quantmind-api/bff-nestjs/src/features/dtos.ts">
        <metrics statements="12" coveredstatements="12" conditionals="0" coveredconditionals="0" methods="0" coveredmethods="0"/>
        <line num="10" count="2" type="stmt"/>
        <line num="11" count="2" type="stmt"/>
        <line num="21" count="2" type="stmt"/>
        <line num="24" count="2" type="stmt"/>
        <line num="27" count="2" type="stmt"/>
        <line num="32" count="2" type="stmt"/>
        <line num="36" count="2" type="stmt"/>
        <line num="41" count="2" type="stmt"/>
        <line num="45" count="2" type="stmt"/>
        <line num="48" count="2" type="stmt"/>
        <line num="54" count="2" type="stmt"/>
        <line num="59" count="2" type="stmt"/>
      </file>
      <file name="news.controller.ts" path="/Users/eagles/data/outskill/capstone/trading-agent/aief5-team2/quantmind-api/bff-nestjs/src/features/news.controller.ts">
        <metrics statements="8" coveredstatements="8" conditionals="2" coveredconditionals="2" methods="2" coveredmethods="2"/>
        <line num="9" count="2" type="stmt"/>
        <line num="10" count="2" type="stmt"/>
        <line num="12" count="2" type="stmt"/>
        <line num="13" count="2" type="stmt"/>
        <line num="18" count="2" type="stmt"/>
        <line num="23" count="4" type="stmt"/>
        <line num="34" count="2" type="stmt"/>
        <line num="38" count="2" type="stmt"/>
      </file>
      <file name="scanner.controller.ts" path="/Users/eagles/data/outskill/capstone/trading-agent/aief5-team2/quantmind-api/bff-nestjs/src/features/scanner.controller.ts">
        <metrics statements="8" coveredstatements="8" conditionals="2" coveredconditionals="2" methods="2" coveredmethods="2"/>
        <line num="9" count="2" type="stmt"/>
        <line num="10" count="2" type="stmt"/>
        <line num="12" count="2" type="stmt"/>
        <line num="13" count="2" type="stmt"/>
        <line num="18" count="2" type="stmt"/>
        <line num="23" count="3" type="stmt"/>
        <line num="34" count="2" type="stmt"/>
        <line num="38" count="1" type="stmt"/>
      </file>
      <file name="strategy.controller.ts" path="/Users/eagles/data/outskill/capstone/trading-agent/aief5-team2/quantmind-api/bff-nestjs/src/features/strategy.controller.ts">
        <metrics statements="8" coveredstatements="8" conditionals="4" coveredconditionals="4" methods="2" coveredmethods="2"/>
        <line num="9" count="2" type="stmt"/>
        <line num="10" count="2" type="stmt"/>
        <line num="12" count="2" type="stmt"/>
        <line num="13" count="2" type="stmt"/>
        <line num="18" count="2" type="stmt"/>
        <line num="23" count="4" type="stmt"/>
        <line num="34" count="2" type="stmt"/>
        <line num="38" count="2" type="stmt"/>
      </file>
    </package>
  </project>
</coverage>
