{"/Users/eagles/data/outskill/capstone/trading-agent/aief5-team2/quantmind-api/bff-nestjs/src/agent/agent.client.ts": {"path":"/Users/eagles/data/outskill/capstone/trading-agent/aief5-team2/quantmind-api/bff-nestjs/src/agent/agent.client.ts","statementMap":{"0":{"start":{"line":11,"column":0},"end":{"line":11,"column":67}},"1":{"start":{"line":12,"column":0},"end":{"line":12,"column":57}},"2":{"start":{"line":13,"column":0},"end":{"line":13,"column":57}},"3":{"start":{"line":17,"column":24},"end":{"line":67,"column":null}},"4":{"start":{"line":18,"column":28},"end":{"line":18,"column":56}},"5":{"start":{"line":24,"column":4},"end":{"line":24,"column":31}},"6":{"start":{"line":25,"column":4},"end":{"line":29,"column":7}},"7":{"start":{"line":41,"column":4},"end":{"line":48,"column":5}},"8":{"start":{"line":42,"column":18},"end":{"line":44,"column":8}},"9":{"start":{"line":45,"column":6},"end":{"line":45,"column":22}},"10":{"start":{"line":47,"column":6},"end":{"line":47,"column":61}},"11":{"start":{"line":58,"column":17},"end":{"line":58,"column":null}},"12":{"start":{"line":61,"column":19},"end":{"line":61,"column":46}},"13":{"start":{"line":62,"column":17},"end":{"line":62,"column":51}},"14":{"start":{"line":63,"column":20},"end":{"line":63,"column":75}},"15":{"start":{"line":64,"column":4},"end":{"line":64,"column":77}},"16":{"start":{"line":65,"column":4},"end":{"line":65,"column":56}},"17":{"start":{"line":17,"column":13},"end":{"line":17,"column":24}},"18":{"start":{"line":17,"column":13},"end":{"line":67,"column":null}}},"fnMap":{"0":{"name":"(anonymous_3)","decl":{"start":{"line":23,"column":2},"end":{"line":23,"column":null}},"loc":{"start":{"line":23,"column":2},"end":{"line":30,"column":3}}},"1":{"name":"(anonymous_4)","decl":{"start":{"line":40,"column":2},"end":{"line":40,"column":7}},"loc":{"start":{"line":40,"column":66},"end":{"line":49,"column":3}}},"2":{"name":"(anonymous_5)","decl":{"start":{"line":57,"column":10},"end":{"line":57,"column":19}},"loc":{"start":{"line":57,"column":58},"end":{"line":66,"column":3}}}},"branchMap":{"0":{"loc":{"start":{"line":61,"column":19},"end":{"line":61,"column":46}},"type":"binary-expr","locations":[{"start":{"line":61,"column":19},"end":{"line":61,"column":39}},{"start":{"line":61,"column":43},"end":{"line":61,"column":46}}]},"1":{"loc":{"start":{"line":62,"column":17},"end":{"line":62,"column":51}},"type":"binary-expr","locations":[{"start":{"line":62,"column":17},"end":{"line":62,"column":27}},{"start":{"line":62,"column":31},"end":{"line":62,"column":51}}]},"2":{"loc":{"start":{"line":63,"column":20},"end":{"line":63,"column":75}},"type":"binary-expr","locations":[{"start":{"line":63,"column":20},"end":{"line":63,"column":33}},{"start":{"line":63,"column":37},"end":{"line":63,"column":75}}]}},"s":{"0":3,"1":3,"2":3,"3":3,"4":2,"5":2,"6":2,"7":0,"8":0,"9":0,"10":0,"11":2,"12":2,"13":2,"14":2,"15":2,"16":2,"17":3,"18":3},"f":{"0":2,"1":0,"2":2},"b":{"0":[2,1],"1":[2,1],"2":[2,1]}}
,"/Users/eagles/data/outskill/capstone/trading-agent/aief5-team2/quantmind-api/bff-nestjs/src/common/config.ts": {"path":"/Users/eagles/data/outskill/capstone/trading-agent/aief5-team2/quantmind-api/bff-nestjs/src/common/config.ts","statementMap":{"0":{"start":{"line":33,"column":0},"end":{"line":33,"column":16}},"1":{"start":{"line":34,"column":2},"end":{"line":45,"column":4}},"2":{"start":{"line":40,"column":18},"end":{"line":40,"column":26}}},"fnMap":{"0":{"name":"loadConfig","decl":{"start":{"line":33,"column":16},"end":{"line":33,"column":26}},"loc":{"start":{"line":33,"column":26},"end":{"line":46,"column":1}}},"1":{"name":"(anonymous_1)","decl":{"start":{"line":40,"column":11},"end":{"line":40,"column":12}},"loc":{"start":{"line":40,"column":18},"end":{"line":40,"column":26}}}},"branchMap":{"0":{"loc":{"start":{"line":35,"column":17},"end":{"line":35,"column":45}},"type":"binary-expr","locations":[{"start":{"line":35,"column":17},"end":{"line":35,"column":37}},{"start":{"line":35,"column":41},"end":{"line":35,"column":45}}]},"1":{"loc":{"start":{"line":36,"column":18},"end":{"line":36,"column":67}},"type":"binary-expr","locations":[{"start":{"line":36,"column":18},"end":{"line":36,"column":44}},{"start":{"line":36,"column":48},"end":{"line":36,"column":67}}]},"2":{"loc":{"start":{"line":37,"column":22},"end":{"line":37,"column":76}},"type":"binary-expr","locations":[{"start":{"line":37,"column":22},"end":{"line":37,"column":52}},{"start":{"line":37,"column":56},"end":{"line":37,"column":76}}]},"3":{"loc":{"start":{"line":38,"column":18},"end":{"line":38,"column":69}},"type":"binary-expr","locations":[{"start":{"line":38,"column":18},"end":{"line":38,"column":42}},{"start":{"line":38,"column":46},"end":{"line":38,"column":69}}]},"4":{"loc":{"start":{"line":42,"column":22},"end":{"line":42,"column":50}},"type":"binary-expr","locations":[{"start":{"line":42,"column":22},"end":{"line":42,"column":44}},{"start":{"line":42,"column":48},"end":{"line":42,"column":50}}]},"5":{"loc":{"start":{"line":43,"column":26},"end":{"line":43,"column":59}},"type":"binary-expr","locations":[{"start":{"line":43,"column":26},"end":{"line":43,"column":53}},{"start":{"line":43,"column":57},"end":{"line":43,"column":59}}]},"6":{"loc":{"start":{"line":44,"column":27},"end":{"line":44,"column":64}},"type":"binary-expr","locations":[{"start":{"line":44,"column":27},"end":{"line":44,"column":55}},{"start":{"line":44,"column":59},"end":{"line":44,"column":64}}]}},"s":{"0":3,"1":2,"2":2},"f":{"0":2,"1":2},"b":{"0":[2,2],"1":[2,2],"2":[2,2],"3":[2,2],"4":[2,2],"5":[2,2],"6":[2,2]}}
,"/Users/eagles/data/outskill/capstone/trading-agent/aief5-team2/quantmind-api/bff-nestjs/src/common/correlation.middleware.ts": {"path":"/Users/eagles/data/outskill/capstone/trading-agent/aief5-team2/quantmind-api/bff-nestjs/src/common/correlation.middleware.ts","statementMap":{"0":{"start":{"line":10,"column":0},"end":{"line":10,"column":68}},"1":{"start":{"line":12,"column":0},"end":{"line":12,"column":36}},"2":{"start":{"line":21,"column":34},"end":{"line":38,"column":null}},"3":{"start":{"line":22,"column":28},"end":{"line":22,"column":66}},"4":{"start":{"line":31,"column":19},"end":{"line":31,"column":49}},"5":{"start":{"line":32,"column":26},"end":{"line":32,"column":73}},"6":{"start":{"line":33,"column":5},"end":{"line":33,"column":61}},"7":{"start":{"line":34,"column":4},"end":{"line":34,"column":53}},"8":{"start":{"line":35,"column":4},"end":{"line":35,"column":72}},"9":{"start":{"line":36,"column":4},"end":{"line":36,"column":11}},"10":{"start":{"line":21,"column":13},"end":{"line":21,"column":34}},"11":{"start":{"line":21,"column":13},"end":{"line":38,"column":null}}},"fnMap":{"0":{"name":"(anonymous_1)","decl":{"start":{"line":30,"column":2},"end":{"line":30,"column":5}},"loc":{"start":{"line":30,"column":53},"end":{"line":37,"column":3}}}},"branchMap":{"0":{"loc":{"start":{"line":32,"column":26},"end":{"line":32,"column":73}},"type":"cond-expr","locations":[{"start":{"line":32,"column":56},"end":{"line":32,"column":62}},{"start":{"line":32,"column":65},"end":{"line":32,"column":73}}]},"1":{"loc":{"start":{"line":32,"column":26},"end":{"line":32,"column":53}},"type":"binary-expr","locations":[{"start":{"line":32,"column":26},"end":{"line":32,"column":32}},{"start":{"line":32,"column":36},"end":{"line":32,"column":53}}]}},"s":{"0":1,"1":1,"2":1,"3":2,"4":2,"5":2,"6":2,"7":2,"8":2,"9":2,"10":1,"11":1},"f":{"0":2},"b":{"0":[1,1],"1":[2,1]}}
,"/Users/eagles/data/outskill/capstone/trading-agent/aief5-team2/quantmind-api/bff-nestjs/src/common/error.filter.ts": {"path":"/Users/eagles/data/outskill/capstone/trading-agent/aief5-team2/quantmind-api/bff-nestjs/src/common/error.filter.ts","statementMap":{"0":{"start":{"line":10,"column":0},"end":{"line":10,"column":null}},"1":{"start":{"line":20,"column":13},"end":{"line":29,"column":11}},"2":{"start":{"line":33,"column":36},"end":{"line":74,"column":null}},"3":{"start":{"line":34,"column":28},"end":{"line":34,"column":68}},"4":{"start":{"line":42,"column":16},"end":{"line":42,"column":35}},"5":{"start":{"line":43,"column":16},"end":{"line":43,"column":43}},"6":{"start":{"line":44,"column":16},"end":{"line":44,"column":70}},"7":{"start":{"line":45,"column":26},"end":{"line":45,"column":50}},"8":{"start":{"line":47,"column":17},"end":{"line":47,"column":20}},"9":{"start":{"line":48,"column":15},"end":{"line":48,"column":37}},"10":{"start":{"line":49,"column":18},"end":{"line":49,"column":49}},"11":{"start":{"line":51,"column":4},"end":{"line":56,"column":5}},"12":{"start":{"line":52,"column":6},"end":{"line":52,"column":37}},"13":{"start":{"line":53,"column":19},"end":{"line":53,"column":69}},"14":{"start":{"line":54,"column":6},"end":{"line":54,"column":66}},"15":{"start":{"line":55,"column":6},"end":{"line":55,"column":63}},"16":{"start":{"line":58,"column":4},"end":{"line":58,"column":81}},"17":{"start":{"line":59,"column":4},"end":{"line":59,"column":75}},"18":{"start":{"line":68,"column":4},"end":{"line":68,"column":50}},"19":{"start":{"line":68,"column":24},"end":{"line":68,"column":50}},"20":{"start":{"line":69,"column":4},"end":{"line":69,"column":52}},"21":{"start":{"line":69,"column":24},"end":{"line":69,"column":52}},"22":{"start":{"line":70,"column":4},"end":{"line":70,"column":47}},"23":{"start":{"line":70,"column":24},"end":{"line":70,"column":47}},"24":{"start":{"line":71,"column":4},"end":{"line":71,"column":52}},"25":{"start":{"line":71,"column":24},"end":{"line":71,"column":52}},"26":{"start":{"line":72,"column":4},"end":{"line":72,"column":34}},"27":{"start":{"line":33,"column":13},"end":{"line":33,"column":36}},"28":{"start":{"line":33,"column":13},"end":{"line":74,"column":null}}},"fnMap":{"0":{"name":"(anonymous_1)","decl":{"start":{"line":41,"column":2},"end":{"line":41,"column":7}},"loc":{"start":{"line":41,"column":47},"end":{"line":60,"column":3}}},"1":{"name":"(anonymous_2)","decl":{"start":{"line":67,"column":10},"end":{"line":67,"column":23}},"loc":{"start":{"line":67,"column":38},"end":{"line":73,"column":3}}}},"branchMap":{"0":{"loc":{"start":{"line":45,"column":26},"end":{"line":45,"column":50}},"type":"binary-expr","locations":[{"start":{"line":45,"column":26},"end":{"line":45,"column":43}},{"start":{"line":45,"column":47},"end":{"line":45,"column":50}}]},"1":{"loc":{"start":{"line":51,"column":4},"end":{"line":56,"column":5}},"type":"if","locations":[{"start":{"line":51,"column":4},"end":{"line":56,"column":5}}]},"2":{"loc":{"start":{"line":54,"column":14},"end":{"line":54,"column":65}},"type":"binary-expr","locations":[{"start":{"line":54,"column":14},"end":{"line":54,"column":35}},{"start":{"line":54,"column":39},"end":{"line":54,"column":65}}]},"3":{"loc":{"start":{"line":55,"column":17},"end":{"line":55,"column":62}},"type":"binary-expr","locations":[{"start":{"line":55,"column":17},"end":{"line":55,"column":41}},{"start":{"line":55,"column":45},"end":{"line":55,"column":62}}]},"4":{"loc":{"start":{"line":68,"column":4},"end":{"line":68,"column":50}},"type":"if","locations":[{"start":{"line":68,"column":4},"end":{"line":68,"column":50}}]},"5":{"loc":{"start":{"line":69,"column":4},"end":{"line":69,"column":52}},"type":"if","locations":[{"start":{"line":69,"column":4},"end":{"line":69,"column":52}}]},"6":{"loc":{"start":{"line":70,"column":4},"end":{"line":70,"column":47}},"type":"if","locations":[{"start":{"line":70,"column":4},"end":{"line":70,"column":47}}]},"7":{"loc":{"start":{"line":71,"column":4},"end":{"line":71,"column":52}},"type":"if","locations":[{"start":{"line":71,"column":4},"end":{"line":71,"column":52}}]}},"s":{"0":1,"1":1,"2":1,"3":7,"4":7,"5":7,"6":7,"7":7,"8":7,"9":7,"10":7,"11":7,"12":6,"13":6,"14":6,"15":6,"16":7,"17":7,"18":5,"19":1,"20":4,"21":1,"22":3,"23":1,"24":2,"25":1,"26":1,"27":1,"28":1},"f":{"0":7,"1":5},"b":{"0":[7,1],"1":[6],"2":[6,5],"3":[6,5],"4":[1],"5":[1],"6":[1],"7":[1]}}
,"/Users/eagles/data/outskill/capstone/trading-agent/aief5-team2/quantmind-api/bff-nestjs/src/features/dtos.ts": {"path":"/Users/eagles/data/outskill/capstone/trading-agent/aief5-team2/quantmind-api/bff-nestjs/src/features/dtos.ts","statementMap":{"0":{"start":{"line":10,"column":0},"end":{"line":10,"column":67}},"1":{"start":{"line":11,"column":0},"end":{"line":11,"column":null}},"2":{"start":{"line":21,"column":21},"end":{"line":21,"column":39}},"3":{"start":{"line":24,"column":0},"end":{"line":24,"column":13}},"4":{"start":{"line":27,"column":2},"end":{"line":27,"column":null}},"5":{"start":{"line":32,"column":2},"end":{"line":32,"column":null}},"6":{"start":{"line":36,"column":0},"end":{"line":36,"column":13}},"7":{"start":{"line":41,"column":2},"end":{"line":41,"column":null}},"8":{"start":{"line":45,"column":0},"end":{"line":45,"column":13}},"9":{"start":{"line":48,"column":2},"end":{"line":48,"column":null}},"10":{"start":{"line":54,"column":2},"end":{"line":54,"column":null}},"11":{"start":{"line":59,"column":2},"end":{"line":59,"column":null}}},"fnMap":{},"branchMap":{},"s":{"0":2,"1":2,"2":2,"3":2,"4":2,"5":2,"6":2,"7":2,"8":2,"9":2,"10":2,"11":2},"f":{},"b":{}}
,"/Users/eagles/data/outskill/capstone/trading-agent/aief5-team2/quantmind-api/bff-nestjs/src/features/news.controller.ts": {"path":"/Users/eagles/data/outskill/capstone/trading-agent/aief5-team2/quantmind-api/bff-nestjs/src/features/news.controller.ts","statementMap":{"0":{"start":{"line":9,"column":0},"end":{"line":9,"column":83}},"1":{"start":{"line":10,"column":0},"end":{"line":10,"column":56}},"2":{"start":{"line":12,"column":0},"end":{"line":12,"column":52}},"3":{"start":{"line":13,"column":0},"end":{"line":13,"column":38}},"4":{"start":{"line":18,"column":7},"end":{"line":44,"column":null}},"5":{"start":{"line":23,"column":31},"end":{"line":23,"column":38}},"6":{"start":{"line":38,"column":4},"end":{"line":42,"column":6}},"7":{"start":{"line":18,"column":13},"end":{"line":18,"column":27}},"8":{"start":{"line":34,"column":8},"end":{"line":43,"column":null}},"9":{"start":{"line":18,"column":13},"end":{"line":44,"column":null}}},"fnMap":{"0":{"name":"(anonymous_4)","decl":{"start":{"line":23,"column":2},"end":{"line":23,"column":31}},"loc":{"start":{"line":23,"column":49},"end":{"line":23,"column":53}}},"1":{"name":"(anonymous_5)","decl":{"start":{"line":34,"column":2},"end":{"line":34,"column":7}},"loc":{"start":{"line":36,"column":33},"end":{"line":43,"column":3}}}},"branchMap":{"0":{"loc":{"start":{"line":40,"column":45},"end":{"line":40,"column":72}},"type":"binary-expr","locations":[{"start":{"line":40,"column":45},"end":{"line":40,"column":63}},{"start":{"line":40,"column":67},"end":{"line":40,"column":72}}]}},"s":{"0":2,"1":2,"2":2,"3":2,"4":2,"5":4,"6":2,"7":2,"8":2,"9":2},"f":{"0":4,"1":2},"b":{"0":[2,1]}}
,"/Users/eagles/data/outskill/capstone/trading-agent/aief5-team2/quantmind-api/bff-nestjs/src/features/scanner.controller.ts": {"path":"/Users/eagles/data/outskill/capstone/trading-agent/aief5-team2/quantmind-api/bff-nestjs/src/features/scanner.controller.ts","statementMap":{"0":{"start":{"line":9,"column":0},"end":{"line":9,"column":83}},"1":{"start":{"line":10,"column":0},"end":{"line":10,"column":56}},"2":{"start":{"line":12,"column":0},"end":{"line":12,"column":52}},"3":{"start":{"line":13,"column":0},"end":{"line":13,"column":33}},"4":{"start":{"line":18,"column":7},"end":{"line":44,"column":null}},"5":{"start":{"line":23,"column":31},"end":{"line":23,"column":38}},"6":{"start":{"line":38,"column":4},"end":{"line":42,"column":6}},"7":{"start":{"line":18,"column":13},"end":{"line":18,"column":30}},"8":{"start":{"line":34,"column":8},"end":{"line":43,"column":null}},"9":{"start":{"line":18,"column":13},"end":{"line":44,"column":null}}},"fnMap":{"0":{"name":"(anonymous_4)","decl":{"start":{"line":23,"column":2},"end":{"line":23,"column":31}},"loc":{"start":{"line":23,"column":49},"end":{"line":23,"column":53}}},"1":{"name":"(anonymous_5)","decl":{"start":{"line":34,"column":2},"end":{"line":34,"column":7}},"loc":{"start":{"line":36,"column":33},"end":{"line":43,"column":3}}}},"branchMap":{"0":{"loc":{"start":{"line":40,"column":18},"end":{"line":40,"column":39}},"type":"binary-expr","locations":[{"start":{"line":40,"column":18},"end":{"line":40,"column":31}},{"start":{"line":40,"column":35},"end":{"line":40,"column":39}}]}},"s":{"0":2,"1":2,"2":2,"3":2,"4":2,"5":3,"6":1,"7":2,"8":2,"9":2},"f":{"0":3,"1":1},"b":{"0":[1,1]}}
,"/Users/eagles/data/outskill/capstone/trading-agent/aief5-team2/quantmind-api/bff-nestjs/src/features/strategy.controller.ts": {"path":"/Users/eagles/data/outskill/capstone/trading-agent/aief5-team2/quantmind-api/bff-nestjs/src/features/strategy.controller.ts","statementMap":{"0":{"start":{"line":9,"column":0},"end":{"line":9,"column":83}},"1":{"start":{"line":10,"column":0},"end":{"line":10,"column":56}},"2":{"start":{"line":12,"column":0},"end":{"line":12,"column":52}},"3":{"start":{"line":13,"column":0},"end":{"line":13,"column":37}},"4":{"start":{"line":18,"column":7},"end":{"line":48,"column":null}},"5":{"start":{"line":23,"column":31},"end":{"line":23,"column":38}},"6":{"start":{"line":38,"column":4},"end":{"line":46,"column":6}},"7":{"start":{"line":18,"column":13},"end":{"line":18,"column":31}},"8":{"start":{"line":34,"column":8},"end":{"line":47,"column":null}},"9":{"start":{"line":18,"column":13},"end":{"line":48,"column":null}}},"fnMap":{"0":{"name":"(anonymous_4)","decl":{"start":{"line":23,"column":2},"end":{"line":23,"column":31}},"loc":{"start":{"line":23,"column":49},"end":{"line":23,"column":53}}},"1":{"name":"(anonymous_5)","decl":{"start":{"line":34,"column":2},"end":{"line":34,"column":7}},"loc":{"start":{"line":36,"column":33},"end":{"line":47,"column":3}}}},"branchMap":{"0":{"loc":{"start":{"line":42,"column":22},"end":{"line":42,"column":46}},"type":"binary-expr","locations":[{"start":{"line":42,"column":22},"end":{"line":42,"column":38}},{"start":{"line":42,"column":42},"end":{"line":42,"column":46}}]},"1":{"loc":{"start":{"line":43,"column":20},"end":{"line":43,"column":42}},"type":"binary-expr","locations":[{"start":{"line":43,"column":20},"end":{"line":43,"column":34}},{"start":{"line":43,"column":38},"end":{"line":43,"column":42}}]}},"s":{"0":2,"1":2,"2":2,"3":2,"4":2,"5":4,"6":2,"7":2,"8":2,"9":2},"f":{"0":4,"1":2},"b":{"0":[2,1],"1":[2,1]}}
}
