TN:
SF:src/agent/agent.client.ts
FN:23,(anonymous_3)
FN:40,(anonymous_4)
FN:57,(anonymous_5)
FNF:3
FNH:2
FNDA:2,(anonymous_3)
FNDA:0,(anonymous_4)
FNDA:2,(anonymous_5)
DA:11,3
DA:12,3
DA:13,3
DA:17,3
DA:18,2
DA:24,2
DA:25,2
DA:41,0
DA:42,0
DA:45,0
DA:47,0
DA:58,2
DA:61,2
DA:62,2
DA:63,2
DA:64,2
DA:65,2
LF:17
LH:13
BRDA:61,0,0,2
BRDA:61,0,1,1
BRDA:62,1,0,2
BRDA:62,1,1,1
BRDA:63,2,0,2
BRDA:63,2,1,1
BRF:6
BRH:6
end_of_record
TN:
SF:src/common/config.ts
FN:33,loadConfig
FN:40,(anonymous_1)
FNF:2
FNH:2
FNDA:2,loadConfig
FNDA:2,(anonymous_1)
DA:33,3
DA:34,2
DA:40,2
LF:3
LH:3
BRDA:35,0,0,2
BRDA:35,0,1,2
BRDA:36,1,0,2
BRDA:36,1,1,2
BRDA:37,2,0,2
BRDA:37,2,1,2
BRDA:38,3,0,2
BRDA:38,3,1,2
BRDA:42,4,0,2
BRDA:42,4,1,2
BRDA:43,5,0,2
BRDA:43,5,1,2
BRDA:44,6,0,2
BRDA:44,6,1,2
BRF:14
BRH:14
end_of_record
TN:
SF:src/common/correlation.middleware.ts
FN:30,(anonymous_1)
FNF:1
FNH:1
FNDA:2,(anonymous_1)
DA:10,1
DA:12,1
DA:21,1
DA:22,2
DA:31,2
DA:32,2
DA:33,2
DA:34,2
DA:35,2
DA:36,2
LF:10
LH:10
BRDA:32,0,0,1
BRDA:32,0,1,1
BRDA:32,1,0,2
BRDA:32,1,1,1
BRF:4
BRH:4
end_of_record
TN:
SF:src/common/error.filter.ts
FN:41,(anonymous_1)
FN:67,(anonymous_2)
FNF:2
FNH:2
FNDA:7,(anonymous_1)
FNDA:5,(anonymous_2)
DA:10,1
DA:20,1
DA:33,1
DA:34,7
DA:42,7
DA:43,7
DA:44,7
DA:45,7
DA:47,7
DA:48,7
DA:49,7
DA:51,7
DA:52,6
DA:53,6
DA:54,6
DA:55,6
DA:58,7
DA:59,7
DA:68,5
DA:69,4
DA:70,3
DA:71,2
DA:72,1
LF:23
LH:23
BRDA:45,0,0,7
BRDA:45,0,1,1
BRDA:51,1,0,6
BRDA:54,2,0,6
BRDA:54,2,1,5
BRDA:55,3,0,6
BRDA:55,3,1,5
BRDA:68,4,0,1
BRDA:69,5,0,1
BRDA:70,6,0,1
BRDA:71,7,0,1
BRF:11
BRH:11
end_of_record
TN:
SF:src/features/dtos.ts
FNF:0
FNH:0
DA:10,2
DA:11,2
DA:21,2
DA:24,2
DA:27,2
DA:32,2
DA:36,2
DA:41,2
DA:45,2
DA:48,2
DA:54,2
DA:59,2
LF:12
LH:12
BRF:0
BRH:0
end_of_record
TN:
SF:src/features/news.controller.ts
FN:23,(anonymous_4)
FN:34,(anonymous_5)
FNF:2
FNH:2
FNDA:4,(anonymous_4)
FNDA:2,(anonymous_5)
DA:9,2
DA:10,2
DA:12,2
DA:13,2
DA:18,2
DA:23,4
DA:34,2
DA:38,2
LF:8
LH:8
BRDA:40,0,0,2
BRDA:40,0,1,1
BRF:2
BRH:2
end_of_record
TN:
SF:src/features/scanner.controller.ts
FN:23,(anonymous_4)
FN:34,(anonymous_5)
FNF:2
FNH:2
FNDA:3,(anonymous_4)
FNDA:1,(anonymous_5)
DA:9,2
DA:10,2
DA:12,2
DA:13,2
DA:18,2
DA:23,3
DA:34,2
DA:38,1
LF:8
LH:8
BRDA:40,0,0,1
BRDA:40,0,1,1
BRF:2
BRH:2
end_of_record
TN:
SF:src/features/strategy.controller.ts
FN:23,(anonymous_4)
FN:34,(anonymous_5)
FNF:2
FNH:2
FNDA:4,(anonymous_4)
FNDA:2,(anonymous_5)
DA:9,2
DA:10,2
DA:12,2
DA:13,2
DA:18,2
DA:23,4
DA:34,2
DA:38,2
LF:8
LH:8
BRDA:42,0,0,2
BRDA:42,0,1,1
BRDA:43,1,0,2
BRDA:43,1,1,1
BRF:4
BRH:4
end_of_record
